2014/03/28 00:05:37 [error] [exception.CDbException] exception 'CDbException' with message 'CDbConnection failed to open the DB connection: SQLSTATE[28000] [1045] Access denied for user 'root'@'localhost' (using password: NO)' in /var/www/yii/framework/db/CDbConnection.php:381
Stack trace:
#0 /var/www/yii/framework/db/CDbConnection.php(330): CDbConnection->open()
#1 /var/www/yii/framework/db/CDbConnection.php(308): CDbConnection->setActive(true)
#2 /var/www/yii/framework/base/CModule.php(387): CDbConnection->init()
#3 /var/www/yii/framework/web/auth/CDbAuthManager.php(589): CModule->getComponent('db')
#4 /var/www/yii/framework/web/auth/CDbAuthManager.php(59): CDbAuthManager->getDbConnection()
#5 /var/www/yii/framework/base/CModule.php(387): CDbAuthManager->init()
#6 /var/www/yii/framework/web/CWebApplication.php(185): CModule->getComponent('authManager')
#7 /var/www/yii/framework/web/auth/CWebUser.php(806): CWebApplication->getAuthManager()
#8 /var/www/webexp/themes/bootstrap/views/layouts/main.php(47): CWebUser->checkAccess('admin')
#9 /var/www/yii/framework/web/CBaseController.php(126): require('/var/www/webexp...')
#10 /var/www/yii/framework/web/CBaseController.php(95): CBaseController->renderInternal('/var/www/webexp...', Array, true)
#11 /var/www/yii/framework/web/widgets/CContentDecorator.php(76): CBaseController->renderFile('/var/www/webexp...', Array, true)
#12 /var/www/yii/framework/web/widgets/CContentDecorator.php(54): CContentDecorator->decorate('<div id="contai...')
#13 /var/www/yii/framework/web/widgets/COutputProcessor.php(44): CContentDecorator->processOutput('<div id="contai...')
#14 /var/www/yii/framework/web/CBaseController.php(206): COutputProcessor->run()
#15 /var/www/yii/framework/web/CBaseController.php(300): CBaseController->endWidget('CContentDecorat...')
#16 /var/www/webexp/protected/views/layouts/column1.php(10): CBaseController->endContent()
#17 /var/www/yii/framework/web/CBaseController.php(126): require('/var/www/webexp...')
#18 /var/www/yii/framework/web/CBaseController.php(95): CBaseController->renderInternal('/var/www/webexp...', Array, true)
#19 /var/www/yii/framework/web/CController.php(784): CBaseController->renderFile('/var/www/webexp...', Array, true)
#20 /var/www/webexp/protected/controllers/SiteController.php(32): CController->render('index')
#21 /var/www/yii/framework/web/actions/CInlineAction.php(49): SiteController->actionIndex()
#22 /var/www/yii/framework/web/CController.php(308): CInlineAction->runWithParams(Array)
#23 /var/www/yii/framework/web/CController.php(286): CController->runAction(Object(CInlineAction))
#24 /var/www/yii/framework/web/CController.php(265): CController->runActionWithFilters(Object(CInlineAction), Array)
#25 /var/www/yii/framework/web/CWebApplication.php(282): CController->run('')
#26 /var/www/yii/framework/web/CWebApplication.php(141): CWebApplication->runController('')
#27 /var/www/yii/framework/base/CApplication.php(169): CWebApplication->processRequest()
#28 /var/www/webexp/index.php(13): CApplication->run()
#29 {main}
REQUEST_URI=/webexp/
---
2014/03/28 00:12:06 [error] [system.db.CDbCommand] CDbCommand::fetchAll() failed: SQLSTATE[42S02]: Base table or view not found: 1146 Table 'dbgestionexp.AuthAssignment' doesn't exist. The SQL statement executed was: SELECT *
FROM `AuthAssignment`
WHERE userid=:userid.
in /var/www/webexp/themes/bootstrap/views/layouts/main.php (47)
in /var/www/webexp/protected/views/layouts/column1.php (10)
in /var/www/webexp/protected/controllers/SiteController.php (32)
2014/03/28 00:12:06 [error] [exception.CDbException] exception 'CDbException' with message 'CDbCommand failed to execute the SQL statement: SQLSTATE[42S02]: Base table or view not found: 1146 Table 'dbgestionexp.AuthAssignment' doesn't exist. The SQL statement executed was: SELECT *
FROM `AuthAssignment`
WHERE userid=:userid' in /var/www/yii/framework/db/CDbCommand.php:541
Stack trace:
#0 /var/www/yii/framework/db/CDbCommand.php(395): CDbCommand->queryInternal('fetchAll', Array, Array)
#1 /var/www/yii/framework/web/auth/CDbAuthManager.php(337): CDbCommand->queryAll()
#2 /var/www/yii/framework/web/auth/CDbAuthManager.php(74): CDbAuthManager->getAuthAssignments(NULL)
#3 /var/www/yii/framework/web/auth/CWebUser.php(806): CDbAuthManager->checkAccess('admin', NULL, Array)
#4 /var/www/webexp/themes/bootstrap/views/layouts/main.php(47): CWebUser->checkAccess('admin')
#5 /var/www/yii/framework/web/CBaseController.php(126): require('/var/www/webexp...')
#6 /var/www/yii/framework/web/CBaseController.php(95): CBaseController->renderInternal('/var/www/webexp...', Array, true)
#7 /var/www/yii/framework/web/widgets/CContentDecorator.php(76): CBaseController->renderFile('/var/www/webexp...', Array, true)
#8 /var/www/yii/framework/web/widgets/CContentDecorator.php(54): CContentDecorator->decorate('<div id="contai...')
#9 /var/www/yii/framework/web/widgets/COutputProcessor.php(44): CContentDecorator->processOutput('<div id="contai...')
#10 /var/www/yii/framework/web/CBaseController.php(206): COutputProcessor->run()
#11 /var/www/yii/framework/web/CBaseController.php(300): CBaseController->endWidget('CContentDecorat...')
#12 /var/www/webexp/protected/views/layouts/column1.php(10): CBaseController->endContent()
#13 /var/www/yii/framework/web/CBaseController.php(126): require('/var/www/webexp...')
#14 /var/www/yii/framework/web/CBaseController.php(95): CBaseController->renderInternal('/var/www/webexp...', Array, true)
#15 /var/www/yii/framework/web/CController.php(784): CBaseController->renderFile('/var/www/webexp...', Array, true)
#16 /var/www/webexp/protected/controllers/SiteController.php(32): CController->render('index')
#17 /var/www/yii/framework/web/actions/CInlineAction.php(49): SiteController->actionIndex()
#18 /var/www/yii/framework/web/CController.php(308): CInlineAction->runWithParams(Array)
#19 /var/www/yii/framework/web/CController.php(286): CController->runAction(Object(CInlineAction))
#20 /var/www/yii/framework/web/CController.php(265): CController->runActionWithFilters(Object(CInlineAction), Array)
#21 /var/www/yii/framework/web/CWebApplication.php(282): CController->run('')
#22 /var/www/yii/framework/web/CWebApplication.php(141): CWebApplication->runController('')
#23 /var/www/yii/framework/base/CApplication.php(169): CWebApplication->processRequest()
#24 /var/www/webexp/index.php(13): CApplication->run()
#25 {main}
REQUEST_URI=/webexp/
---
2014/03/28 00:13:32 [error] [system.db.CDbCommand] CDbCommand::fetch() failed: SQLSTATE[42S02]: Base table or view not found: 1146 Table 'dbgestionexp.AuthItem' doesn't exist. The SQL statement executed was: SELECT *
FROM `AuthItem`
WHERE name=:name.
in /var/www/webexp/themes/bootstrap/views/layouts/main.php (47)
in /var/www/webexp/protected/views/layouts/column1.php (10)
in /var/www/webexp/protected/controllers/SiteController.php (32)
2014/03/28 00:13:32 [error] [exception.CDbException] exception 'CDbException' with message 'CDbCommand failed to execute the SQL statement: SQLSTATE[42S02]: Base table or view not found: 1146 Table 'dbgestionexp.AuthItem' doesn't exist. The SQL statement executed was: SELECT *
FROM `AuthItem`
WHERE name=:name' in /var/www/yii/framework/db/CDbCommand.php:541
Stack trace:
#0 /var/www/yii/framework/db/CDbCommand.php(414): CDbCommand->queryInternal('fetch', Array, Array)
#1 /var/www/yii/framework/web/auth/CDbAuthManager.php(485): CDbCommand->queryRow()
#2 /var/www/yii/framework/web/auth/CDbAuthManager.php(93): CDbAuthManager->getAuthItem('admin')
#3 /var/www/yii/framework/web/auth/CDbAuthManager.php(75): CDbAuthManager->checkAccessRecursive('admin', NULL, Array, Array)
#4 /var/www/yii/framework/web/auth/CWebUser.php(806): CDbAuthManager->checkAccess('admin', NULL, Array)
#5 /var/www/webexp/themes/bootstrap/views/layouts/main.php(47): CWebUser->checkAccess('admin')
#6 /var/www/yii/framework/web/CBaseController.php(126): require('/var/www/webexp...')
#7 /var/www/yii/framework/web/CBaseController.php(95): CBaseController->renderInternal('/var/www/webexp...', Array, true)
#8 /var/www/yii/framework/web/widgets/CContentDecorator.php(76): CBaseController->renderFile('/var/www/webexp...', Array, true)
#9 /var/www/yii/framework/web/widgets/CContentDecorator.php(54): CContentDecorator->decorate('<div id="contai...')
#10 /var/www/yii/framework/web/widgets/COutputProcessor.php(44): CContentDecorator->processOutput('<div id="contai...')
#11 /var/www/yii/framework/web/CBaseController.php(206): COutputProcessor->run()
#12 /var/www/yii/framework/web/CBaseController.php(300): CBaseController->endWidget('CContentDecorat...')
#13 /var/www/webexp/protected/views/layouts/column1.php(10): CBaseController->endContent()
#14 /var/www/yii/framework/web/CBaseController.php(126): require('/var/www/webexp...')
#15 /var/www/yii/framework/web/CBaseController.php(95): CBaseController->renderInternal('/var/www/webexp...', Array, true)
#16 /var/www/yii/framework/web/CController.php(784): CBaseController->renderFile('/var/www/webexp...', Array, true)
#17 /var/www/webexp/protected/controllers/SiteController.php(32): CController->render('index')
#18 /var/www/yii/framework/web/actions/CInlineAction.php(49): SiteController->actionIndex()
#19 /var/www/yii/framework/web/CController.php(308): CInlineAction->runWithParams(Array)
#20 /var/www/yii/framework/web/CController.php(286): CController->runAction(Object(CInlineAction))
#21 /var/www/yii/framework/web/CController.php(265): CController->runActionWithFilters(Object(CInlineAction), Array)
#22 /var/www/yii/framework/web/CWebApplication.php(282): CController->run('')
#23 /var/www/yii/framework/web/CWebApplication.php(141): CWebApplication->runController('')
#24 /var/www/yii/framework/base/CApplication.php(169): CWebApplication->processRequest()
#25 /var/www/webexp/index.php(13): CApplication->run()
#26 {main}
REQUEST_URI=/webexp/
---
2014/03/28 00:13:58 [error] [system.db.CDbCommand] CDbCommand::fetchAll() failed: SQLSTATE[42S02]: Base table or view not found: 1146 Table 'dbgestionexp.AuthItemChild' doesn't exist. The SQL statement executed was: SELECT `parent`
FROM `AuthItemChild`
WHERE child=:name.
in /var/www/webexp/themes/bootstrap/views/layouts/main.php (47)
in /var/www/webexp/protected/views/layouts/column1.php (10)
in /var/www/webexp/protected/controllers/SiteController.php (32)
2014/03/28 00:13:58 [error] [exception.CDbException] exception 'CDbException' with message 'CDbCommand failed to execute the SQL statement: SQLSTATE[42S02]: Base table or view not found: 1146 Table 'dbgestionexp.AuthItemChild' doesn't exist. The SQL statement executed was: SELECT `parent`
FROM `AuthItemChild`
WHERE child=:name' in /var/www/yii/framework/db/CDbCommand.php:541
Stack trace:
#0 /var/www/yii/framework/db/CDbCommand.php(454): CDbCommand->queryInternal('fetchAll', Array, Array)
#1 /var/www/yii/framework/web/auth/CDbAuthManager.php(112): CDbCommand->queryColumn()
#2 /var/www/yii/framework/web/auth/CDbAuthManager.php(75): CDbAuthManager->checkAccessRecursive('admin', NULL, Array, Array)
#3 /var/www/yii/framework/web/auth/CWebUser.php(806): CDbAuthManager->checkAccess('admin', NULL, Array)
#4 /var/www/webexp/themes/bootstrap/views/layouts/main.php(47): CWebUser->checkAccess('admin')
#5 /var/www/yii/framework/web/CBaseController.php(126): require('/var/www/webexp...')
#6 /var/www/yii/framework/web/CBaseController.php(95): CBaseController->renderInternal('/var/www/webexp...', Array, true)
#7 /var/www/yii/framework/web/widgets/CContentDecorator.php(76): CBaseController->renderFile('/var/www/webexp...', Array, true)
#8 /var/www/yii/framework/web/widgets/CContentDecorator.php(54): CContentDecorator->decorate('<div id="contai...')
#9 /var/www/yii/framework/web/widgets/COutputProcessor.php(44): CContentDecorator->processOutput('<div id="contai...')
#10 /var/www/yii/framework/web/CBaseController.php(206): COutputProcessor->run()
#11 /var/www/yii/framework/web/CBaseController.php(300): CBaseController->endWidget('CContentDecorat...')
#12 /var/www/webexp/protected/views/layouts/column1.php(10): CBaseController->endContent()
#13 /var/www/yii/framework/web/CBaseController.php(126): require('/var/www/webexp...')
#14 /var/www/yii/framework/web/CBaseController.php(95): CBaseController->renderInternal('/var/www/webexp...', Array, true)
#15 /var/www/yii/framework/web/CController.php(784): CBaseController->renderFile('/var/www/webexp...', Array, true)
#16 /var/www/webexp/protected/controllers/SiteController.php(32): CController->render('index')
#17 /var/www/yii/framework/web/actions/CInlineAction.php(49): SiteController->actionIndex()
#18 /var/www/yii/framework/web/CController.php(308): CInlineAction->runWithParams(Array)
#19 /var/www/yii/framework/web/CController.php(286): CController->runAction(Object(CInlineAction))
#20 /var/www/yii/framework/web/CController.php(265): CController->runActionWithFilters(Object(CInlineAction), Array)
#21 /var/www/yii/framework/web/CWebApplication.php(282): CController->run('')
#22 /var/www/yii/framework/web/CWebApplication.php(141): CWebApplication->runController('')
#23 /var/www/yii/framework/base/CApplication.php(169): CWebApplication->processRequest()
#24 /var/www/webexp/index.php(13): CApplication->run()
#25 {main}
REQUEST_URI=/webexp/
---
2014/03/28 00:15:00 [error] [php] include(usuarios.php): failed to open stream: No such file or directory (/var/www/yii/framework/YiiBase.php:421)
Stack trace:
#0 /var/www/webexp/protected/components/UserIdentity.php(22): spl_autoload_call()
#1 /var/www/webexp/protected/models/LoginForm.php(35): UserIdentity->authenticate()
#2 /var/www/yii/framework/validators/CInlineValidator.php(42): LoginForm->authenticate()
#3 /var/www/yii/framework/validators/CValidator.php(213): CInlineValidator->validateAttribute()
#4 /var/www/yii/framework/base/CModel.php(159): CInlineValidator->validate()
#5 /var/www/webexp/protected/controllers/SiteController.php(94): LoginForm->validate()
#6 /var/www/yii/framework/web/actions/CInlineAction.php(49): SiteController->actionLogin()
#7 /var/www/yii/framework/web/CController.php(308): CInlineAction->runWithParams()
#8 /var/www/yii/framework/web/CController.php(286): SiteController->runAction()
#9 /var/www/yii/framework/web/CController.php(265): SiteController->runActionWithFilters()
#10 /var/www/yii/framework/web/CWebApplication.php(282): SiteController->run()
#11 /var/www/yii/framework/web/CWebApplication.php(141): CWebApplication->runController()
#12 /var/www/yii/framework/base/CApplication.php(169): CWebApplication->processRequest()
#13 /var/www/webexp/index.php(13): CWebApplication->run()
REQUEST_URI=/webexp/site/login.html
in /var/www/webexp/protected/components/UserIdentity.php (22)
in /var/www/webexp/protected/models/LoginForm.php (35)
in /var/www/webexp/protected/controllers/SiteController.php (94)
2014/03/28 00:15:27 [error] [php] include(usuarios.php): failed to open stream: No such file or directory (/var/www/yii/framework/YiiBase.php:421)
Stack trace:
#0 /var/www/webexp/protected/components/UserIdentity.php(22): spl_autoload_call()
#1 /var/www/webexp/protected/models/LoginForm.php(35): UserIdentity->authenticate()
#2 /var/www/yii/framework/validators/CInlineValidator.php(42): LoginForm->authenticate()
#3 /var/www/yii/framework/validators/CValidator.php(213): CInlineValidator->validateAttribute()
#4 /var/www/yii/framework/base/CModel.php(159): CInlineValidator->validate()
#5 /var/www/webexp/protected/controllers/SiteController.php(94): LoginForm->validate()
#6 /var/www/yii/framework/web/actions/CInlineAction.php(49): SiteController->actionLogin()
#7 /var/www/yii/framework/web/CController.php(308): CInlineAction->runWithParams()
#8 /var/www/yii/framework/web/CController.php(286): SiteController->runAction()
#9 /var/www/yii/framework/web/CController.php(265): SiteController->runActionWithFilters()
#10 /var/www/yii/framework/web/CWebApplication.php(282): SiteController->run()
#11 /var/www/yii/framework/web/CWebApplication.php(141): CWebApplication->runController()
#12 /var/www/yii/framework/base/CApplication.php(169): CWebApplication->processRequest()
#13 /var/www/webexp/index.php(13): CWebApplication->run()
REQUEST_URI=/webexp/site/login.html
in /var/www/webexp/protected/components/UserIdentity.php (22)
in /var/www/webexp/protected/models/LoginForm.php (35)
in /var/www/webexp/protected/controllers/SiteController.php (94)
2014/03/28 00:15:56 [error] [php] include(usuarios.php): failed to open stream: No such file or directory (/var/www/yii/framework/YiiBase.php:421)
Stack trace:
#0 /var/www/webexp/protected/components/UserIdentity.php(22): spl_autoload_call()
#1 /var/www/webexp/protected/models/LoginForm.php(35): UserIdentity->authenticate()
#2 /var/www/yii/framework/validators/CInlineValidator.php(42): LoginForm->authenticate()
#3 /var/www/yii/framework/validators/CValidator.php(213): CInlineValidator->validateAttribute()
#4 /var/www/yii/framework/base/CModel.php(159): CInlineValidator->validate()
#5 /var/www/webexp/protected/controllers/SiteController.php(94): LoginForm->validate()
#6 /var/www/yii/framework/web/actions/CInlineAction.php(49): SiteController->actionLogin()
#7 /var/www/yii/framework/web/CController.php(308): CInlineAction->runWithParams()
#8 /var/www/yii/framework/web/CController.php(286): SiteController->runAction()
#9 /var/www/yii/framework/web/CController.php(265): SiteController->runActionWithFilters()
#10 /var/www/yii/framework/web/CWebApplication.php(282): SiteController->run()
#11 /var/www/yii/framework/web/CWebApplication.php(141): CWebApplication->runController()
#12 /var/www/yii/framework/base/CApplication.php(169): CWebApplication->processRequest()
#13 /var/www/webexp/index.php(13): CWebApplication->run()
REQUEST_URI=/webexp/site/login.html
in /var/www/webexp/protected/components/UserIdentity.php (22)
in /var/www/webexp/protected/models/LoginForm.php (35)
in /var/www/webexp/protected/controllers/SiteController.php (94)
2014/03/28 00:16:05 [error] [php] include(usuarios.php): failed to open stream: No such file or directory (/var/www/yii/framework/YiiBase.php:421)
Stack trace:
#0 /var/www/webexp/protected/components/UserIdentity.php(22): spl_autoload_call()
#1 /var/www/webexp/protected/models/LoginForm.php(35): UserIdentity->authenticate()
#2 /var/www/yii/framework/validators/CInlineValidator.php(42): LoginForm->authenticate()
#3 /var/www/yii/framework/validators/CValidator.php(213): CInlineValidator->validateAttribute()
#4 /var/www/yii/framework/base/CModel.php(159): CInlineValidator->validate()
#5 /var/www/webexp/protected/controllers/SiteController.php(94): LoginForm->validate()
#6 /var/www/yii/framework/web/actions/CInlineAction.php(49): SiteController->actionLogin()
#7 /var/www/yii/framework/web/CController.php(308): CInlineAction->runWithParams()
#8 /var/www/yii/framework/web/CController.php(286): SiteController->runAction()
#9 /var/www/yii/framework/web/CController.php(265): SiteController->runActionWithFilters()
#10 /var/www/yii/framework/web/CWebApplication.php(282): SiteController->run()
#11 /var/www/yii/framework/web/CWebApplication.php(141): CWebApplication->runController()
#12 /var/www/yii/framework/base/CApplication.php(169): CWebApplication->processRequest()
#13 /var/www/webexp/index.php(13): CWebApplication->run()
REQUEST_URI=/webexp/site/login.html
in /var/www/webexp/protected/components/UserIdentity.php (22)
in /var/www/webexp/protected/models/LoginForm.php (35)
in /var/www/webexp/protected/controllers/SiteController.php (94)
2014/03/28 00:18:04 [error] [system.db.CDbCommand] CDbCommand::fetchAll() failed: SQLSTATE[42S02]: Base table or view not found: 1146 Table 'dbgestionexp.usuarios' doesn't exist. The SQL statement executed was: SHOW FULL COLUMNS FROM `usuarios`.
in /var/www/webexp/protected/models/Usuarios.php (69)
in /var/www/webexp/protected/components/UserIdentity.php (22)
in /var/www/webexp/protected/models/LoginForm.php (35)
2014/03/28 00:18:04 [error] [exception.CDbException] exception 'CDbException' with message 'The table "usuarios" for active record class "Usuarios" cannot be found in the database.' in /var/www/yii/framework/db/ar/CActiveRecord.php:2310
Stack trace:
#0 /var/www/yii/framework/db/ar/CActiveRecord.php(387): CActiveRecordMetaData->__construct(Object(Usuarios))
#1 /var/www/webexp/protected/models/Usuarios.php(69): CActiveRecord::model('Usuarios')
#2 /var/www/webexp/protected/components/UserIdentity.php(22): Usuarios::model()
#3 /var/www/webexp/protected/models/LoginForm.php(35): UserIdentity->authenticate()
#4 /var/www/yii/framework/validators/CInlineValidator.php(42): LoginForm->authenticate('password', Array)
#5 /var/www/yii/framework/validators/CValidator.php(213): CInlineValidator->validateAttribute(Object(LoginForm), 'password')
#6 /var/www/yii/framework/base/CModel.php(159): CValidator->validate(Object(LoginForm), NULL)
#7 /var/www/webexp/protected/controllers/SiteController.php(94): CModel->validate()
#8 /var/www/yii/framework/web/actions/CInlineAction.php(49): SiteController->actionLogin()
#9 /var/www/yii/framework/web/CController.php(308): CInlineAction->runWithParams(Array)
#10 /var/www/yii/framework/web/CController.php(286): CController->runAction(Object(CInlineAction))
#11 /var/www/yii/framework/web/CController.php(265): CController->runActionWithFilters(Object(CInlineAction), Array)
#12 /var/www/yii/framework/web/CWebApplication.php(282): CController->run('login')
#13 /var/www/yii/framework/web/CWebApplication.php(141): CWebApplication->runController('site/login')
#14 /var/www/yii/framework/base/CApplication.php(169): CWebApplication->processRequest()
#15 /var/www/webexp/index.php(13): CApplication->run()
#16 {main}
REQUEST_URI=/webexp/site/login.html
HTTP_REFERER=http://localhost/webexp/site/login.html
---
2014/03/28 00:20:42 [error] [php] include(logEstado.php): failed to open stream: No such file or directory (/var/www/yii/framework/YiiBase.php:421)
Stack trace:
#0 /var/www/webexp/protected/controllers/TramitacionesController.php(161): spl_autoload_call()
#1 /var/www/yii/framework/web/actions/CInlineAction.php(49): TramitacionesController->actionAdmin()
#2 /var/www/yii/framework/web/CController.php(308): CInlineAction->runWithParams()
#3 /var/www/yii/framework/web/filters/CFilterChain.php(133): TramitacionesController->runAction()
#4 /var/www/yii/framework/web/filters/CFilter.php(40): CFilterChain->run()
#5 /var/www/yii/framework/web/CController.php(1145): CAccessControlFilter->filter()
#6 /var/www/yii/framework/web/filters/CInlineFilter.php(58): TramitacionesController->filterAccessControl()
#7 /var/www/yii/framework/web/filters/CFilterChain.php(130): CInlineFilter->filter()
#8 /var/www/yii/framework/web/CController.php(291): CFilterChain->run()
#9 /var/www/yii/framework/web/CController.php(265): TramitacionesController->runActionWithFilters()
#10 /var/www/yii/framework/web/CWebApplication.php(282): TramitacionesController->run()
#11 /var/www/yii/framework/web/CWebApplication.php(141): CWebApplication->runController()
#12 /var/www/yii/framework/base/CApplication.php(169): CWebApplication->processRequest()
#13 /var/www/webexp/index.php(13): CWebApplication->run()
REQUEST_URI=/webexp/tramitaciones/admin.html
in /var/www/webexp/protected/controllers/TramitacionesController.php (161)
in /var/www/webexp/index.php (13)
